📊 每日技能总结
## 每日技能更新总结

**时间**: 2026-03-20 06:00
**当前技能总数**: 156

### ℹ️ 今日无新技能安装

技能库已保持最新状态。

=== Daily Summary Completed ===
📊 每日技能总结
## 每日技能更新总结

**时间**: 2026-03-20 18:00
**当前技能总数**: 156

### ℹ️ 今日无新技能安装

技能库已保持最新状态。

=== Daily Summary Completed ===
📊 每日技能总结
## 每日技能更新总结

**时间**: 2026-03-21 06:00
**当前技能总数**: 156

### ℹ️ 今日无新技能安装

技能库已保持最新状态。

=== Daily Summary Completed ===
[2026-03-22 06:00:01.629498+08:00] [EMAIL] Sent successfully
[2026-03-22 06:00:02.331015+08:00] [FEISHU] OK: success
[2026-03-22 06:00:02.331048+08:00] === 每日汇报完成: email=OK ===
[2026-03-22 18:00:04.442812+08:00] [EMAIL] Sent successfully
[2026-03-22 18:00:05.357287+08:00] [FEISHU] OK: success
[2026-03-22 18:00:05.357331+08:00] === 每日汇报完成: email=OK ===
