[2026-03-21 22:31:15] === Harvey 进化引擎 [2026-03-21 22:31] ===
[2026-03-21 22:31:15] Running task 2/7: Refactor
[2026-03-21 22:31:15] [H2-REFACTOR] skill_db.py already has type hints, looking for other improvements
[2026-03-21 22:31:15] [OK] Refactor: skill_db
[2026-03-21 22:31:15] === Harvey 进化完成 ===

[2026-03-21 23:11:53] === Harvey 进化引擎 [2026-03-21 23:11] ===
[2026-03-21 23:11:53] Running task 3/7: Benchmark
[2026-03-21 23:11:59] [H3-BENCH] │ 提升倍数 │ 20.0x │
[2026-03-21 23:11:59] [OK] Benchmark: │ 提升倍数 │ 20.0x │
[2026-03-21 23:11:59] === Harvey 进化完成 ===

[2026-03-22 00:12:24] === Harvey 进化引擎 [2026-03-22 00:12] ===
[2026-03-22 00:12:24] Running task 1/7: Learn
[2026-03-22 00:12:24] [H1-LEARN] Today: walrus | Example: (n := len(l))
[2026-03-22 00:12:24] [OK] Learn: walrus
[2026-03-22 00:12:24] === Harvey 进化完成 ===

[2026-03-22 01:05:01] === Harvey 进化引擎 [2026-03-22 01:05] ===
[2026-03-22 01:05:01] Running task 2/7: Refactor
[2026-03-22 01:05:01] [H2-REFACTOR] skill_db.py already has type hints, looking for other improvements
[2026-03-22 01:05:01] [OK] Refactor: skill_db
[2026-03-22 01:05:01] === Harvey 进化完成 ===

[2026-03-22 03:59:21] === Harvey 进化引擎 [2026-03-22 03:59] ===
[2026-03-22 03:59:21] Running task 4/7: Test
[2026-03-22 03:59:22] [OK] Test: test_skillhub.py written (PASS)
[2026-03-22 03:59:22] === Harvey 进化完成 ===

[2026-03-22 04:00:37] === Harvey 进化引擎 [2026-03-22 04:00] ===
[2026-03-22 04:00:37] Running task 5/7: Learnings

## 2026-03-22 Harvey 进化记录
- SQLAlchemy metadata 保留字冲突 → 改用 extra_data
- mypy asyncscheduler BaseException → 已修正
- Docker pip index → 使用国内清华镜像
[2026-03-22 04:00:37] [OK] Learnings: Learnings recorded
[2026-03-22 04:00:37] === Harvey 进化完成 ===

[2026-03-22 04:03:16] === Harvey 进化引擎 [2026-03-22 04:03] ===
[2026-03-22 04:03:16] Running task 5/7: Learnings

## 2026-03-22 Harvey 进化记录
- SQLAlchemy metadata 保留字冲突 → 改用 extra_data
- mypy asyncscheduler BaseException → 已修正
- Docker pip index → 使用国内清华镜像
[2026-03-22 04:03:16] [OK] Learnings: Learnings recorded
[2026-03-22 04:03:16] === Harvey 进化完成 ===

[2026-03-23 00:01:50] === Harvey 进化引擎 [2026-03-23 00:01] ===
[2026-03-23 00:01:50] Running task 1/7: Learn
[2026-03-23 00:01:50] [H1-LEARN] Today: structural_pattern_matching | Example: match ... case ...
[2026-03-23 00:01:50] [OK] Learn: structural_pattern_matching
[2026-03-23 00:01:50] === Harvey 进化完成 [day=1, hour=10, skills=0] ===

[2026-03-23 00:28:24] [H2-REFACTOR] Added __all__ to daily_skills_summary.py
[2026-03-23 00:33:44] === Harvey 进化引擎 [2026-03-23 00:33] mode=night ===
[2026-03-23 00:33:44] Running 4 tasks in night mode
[2026-03-23 00:33:44] [H1-LEARN] Today: structural_pattern_matching | Example: match ... case ...
[2026-03-23 00:33:44] [OK] Learn: structural_pattern_matching
[2026-03-23 00:33:44] [H2-REFACTOR] daily_skills_summary.py already well-structured, no changes needed
[2026-03-23 00:33:44] [OK] Refactor: daily_skills_summary (no changes needed)
[2026-03-23 00:33:50] [H3-BENCH] │ 提升倍数 │ 19.3x │
[2026-03-23 00:33:50] [OK] Benchmark: │ 提升倍数 │ 19.3x │
[2026-03-23 00:33:50] [OK] Test: test_skillhub.py already exists
[2026-03-23 00:33:50] === Harvey 进化完成 [mode=night] ===

[2026-03-23 00:45:55] === Harvey 进化引擎 [2026-03-23 00:45] mode=night ===
[2026-03-23 00:45:55] Running 4 tasks in night mode (4x)
[2026-03-23 00:45:55] [H1-LEARN] Today: structural_pattern_matching | Example: match ... case ...
[2026-03-23 00:45:55] [OK] Learn: structural_pattern_matching
[2026-03-23 00:45:55] [H2-REFACTOR] daily_skills_summary.py already well-structured, no changes needed
[2026-03-23 00:45:55] [OK] Refactor: daily_skills_summary (no changes needed)
[2026-03-23 00:46:00] [H3-BENCH] │ 提升倍数 │ 19.4x │
[2026-03-23 00:46:00] [OK] Benchmark: │ 提升倍数 │ 19.4x │
[2026-03-23 00:46:00] [OK] Test: test_skillhub.py already exists
[2026-03-23 00:46:00] === Harvey 进化完成 [mode=night] ===

[2026-03-23 01:00:18] === Harvey 进化引擎 [2026-03-23 01:00] mode=night ===
[2026-03-23 01:00:18] Running 4 tasks in night mode (4x)
[2026-03-23 01:00:18] [H2-REFACTOR] daily_skills_summary.py already well-structured, no changes needed
[2026-03-23 01:00:18] [OK] Refactor: daily_skills_summary (no changes needed)
[2026-03-23 01:00:24] [H3-BENCH] │ 提升倍数 │ 19.5x │
[2026-03-23 01:00:24] [OK] Benchmark: │ 提升倍数 │ 19.5x │
[2026-03-23 01:00:24] [OK] Test: test_skillhub.py already exists
[2026-03-23 01:00:24] [OK] Learnings: Learnings recorded for 2026-03-23 (1 items)
[2026-03-23 01:00:24] === Harvey 进化完成 [mode=night] ===

[2026-03-23 01:01:50] === Harvey 进化引擎 [2026-03-23 01:01] mode=night ===
[2026-03-23 01:01:50] Running 4 tasks in night mode (4x)
[2026-03-23 01:01:50] [H2-REFACTOR] daily_skills_summary.py already well-structured, no changes needed
[2026-03-23 01:01:50] [OK] Refactor: daily_skills_summary (no changes needed)
[2026-03-23 01:01:56] [H3-BENCH] │ 提升倍数 │ 19.4x │
[2026-03-23 01:01:56] [OK] Benchmark: │ 提升倍数 │ 19.4x │
[2026-03-23 01:01:56] [OK] Test: test_skillhub.py already exists
[2026-03-23 01:01:56] [OK] Learnings: Learnings already recorded for 2026-03-23
[2026-03-23 01:01:56] === Harvey 进化完成 [mode=night] ===

[2026-03-23 01:17:52] === Harvey 进化引擎 [2026-03-23 01:17] mode=night ===
[2026-03-23 01:17:52] Running 4 tasks in night mode (4x)
[2026-03-23 01:17:52] [H2-REFACTOR] daily_skills_summary.py already well-structured, no changes needed
[2026-03-23 01:17:52] [OK] Refactor: daily_skills_summary (no changes needed)
[2026-03-23 01:17:58] [H3-BENCH] │ 提升倍数 │ 19.4x │
[2026-03-23 01:17:58] [OK] Benchmark: │ 提升倍数 │ 19.4x │
[2026-03-23 01:17:58] [OK] Test: test_skillhub.py already exists
[2026-03-23 01:17:58] [OK] Learnings: Learnings already recorded for 2026-03-23
[2026-03-23 01:17:58] === Harvey 进化完成 [mode=night] ===

[2026-03-23 01:33:42] === Harvey 进化引擎 [2026-03-23 01:33] mode=night ===
[2026-03-23 01:33:42] Running 4 tasks in night mode (4x)
[2026-03-23 01:33:42] [H2-REFACTOR] daily_skills_summary.py already well-structured, no changes needed
[2026-03-23 01:33:42] [OK] Refactor: daily_skills_summary (no changes needed)
[2026-03-23 01:33:47] [H3-BENCH] │ 提升倍数 │ 19.3x │
[2026-03-23 01:33:47] [OK] Benchmark: │ 提升倍数 │ 19.3x │
[2026-03-23 01:33:47] [OK] Test: test_skillhub.py already exists
[2026-03-23 01:33:47] [OK] Learnings: Learnings already recorded for 2026-03-23
[2026-03-23 01:33:47] === Harvey 进化完成 [mode=night] ===

[2026-03-23 01:45:08] === Harvey 进化引擎 [2026-03-23 01:45] mode=night ===
[2026-03-23 01:45:08] Running 4 tasks in night mode (4x)
[2026-03-23 01:45:08] [H2-REFACTOR] daily_skills_summary.py already well-structured, no changes needed
[2026-03-23 01:45:08] [OK] Refactor: daily_skills_summary (no changes needed)
[2026-03-23 01:45:13] [H3-BENCH] │ 提升倍数 │ 19.4x │
[2026-03-23 01:45:13] [OK] Benchmark: │ 提升倍数 │ 19.4x │
[2026-03-23 01:45:13] [OK] Test: test_skillhub.py already exists
[2026-03-23 01:45:13] [OK] Learnings: Learnings already recorded for 2026-03-23
[2026-03-23 01:45:13] === Harvey 进化完成 [mode=night] ===

[2026-03-23 02:00:13] === Harvey 进化引擎 [2026-03-23 02:00] mode=night ===
[2026-03-23 02:00:13] Running 4 tasks in night mode (4x)
[2026-03-23 02:00:19] [H3-BENCH] │ 提升倍数 │ 19.6x │
[2026-03-23 02:00:19] [OK] Benchmark: │ 提升倍数 │ 19.6x │
[2026-03-23 02:00:19] [OK] Test: test_skillhub.py already exists
[2026-03-23 02:00:19] [OK] Learnings: Learnings already recorded for 2026-03-23
[2026-03-23 02:00:19] [H6-REPORT] Latest commit: 4a87e69 MBA第3+4章修订分析报告完成
[2026-03-23 02:00:19] [OK] Report: 4a87e69 MBA第3+4章修订分析报告完成
[2026-03-23 02:00:19] === Harvey 进化完成 [mode=night] ===

[2026-03-23 02:01:50] === Harvey 进化引擎 [2026-03-23 02:01] mode=night ===
[2026-03-23 02:01:50] Running 4 tasks in night mode (4x)
[2026-03-23 02:01:55] [H3-BENCH] │ 提升倍数 │ 19.3x │
[2026-03-23 02:01:55] [OK] Benchmark: │ 提升倍数 │ 19.3x │
[2026-03-23 02:01:55] [OK] Test: test_skillhub.py already exists
[2026-03-23 02:01:55] [OK] Learnings: Learnings already recorded for 2026-03-23
[2026-03-23 02:01:56] [H6-REPORT] Latest commit: 4a87e69 MBA第3+4章修订分析报告完成
[2026-03-23 02:01:56] [OK] Report: 4a87e69 MBA第3+4章修订分析报告完成
[2026-03-23 02:01:56] === Harvey 进化完成 [mode=night] ===

[2026-03-23 02:15:08] === Harvey 进化引擎 [2026-03-23 02:15] mode=night ===
[2026-03-23 02:15:08] Running 4 tasks in night mode (4x)
[2026-03-23 02:15:13] [H3-BENCH] │ 提升倍数 │ 18.8x │
[2026-03-23 02:15:13] [OK] Benchmark: │ 提升倍数 │ 18.8x │
[2026-03-23 02:15:13] [OK] Test: test_skillhub.py already exists
[2026-03-23 02:15:13] [OK] Learnings: Learnings already recorded for 2026-03-23
[2026-03-23 02:15:13] [H6-REPORT] Latest commit: 4a87e69 MBA第3+4章修订分析报告完成
[2026-03-23 02:15:13] [OK] Report: 4a87e69 MBA第3+4章修订分析报告完成
[2026-03-23 02:15:13] === Harvey 进化完成 [mode=night] ===

[2026-03-23 06:08:03] === Harvey 进化引擎 [2026-03-23 06:08] mode=night ===
[2026-03-23 06:08:03] Running 4 tasks in night mode (4x)
[2026-03-23 06:08:15] [H7-TESTALL] 17 passed, 6 failed
[2026-03-23 06:08:15] [OK] TestAll: 17 passed / 6 failed
[2026-03-23 06:08:15] [H1-LEARN] Today: structural_pattern_matching | Example: match ... case ...
[2026-03-23 06:08:15] [OK] Learn: structural_pattern_matching
[2026-03-23 06:08:15] [H2-REFACTOR] daily_skills_summary.py already well-structured, no changes needed
[2026-03-23 06:08:15] [OK] Refactor: daily_skills_summary (no changes needed)
[2026-03-23 06:08:21] [H3-BENCH] │ 提升倍数 │ 19.7x │
[2026-03-23 06:08:21] [OK] Benchmark: │ 提升倍数 │ 19.7x │
[2026-03-23 06:08:21] === Harvey 进化完成 [mode=night] ===

[2026-03-23 06:08:28] === Harvey 进化引擎 [2026-03-23 06:08] mode=night ===
[2026-03-23 06:08:28] Running 4 tasks in night mode (4x)
[2026-03-23 06:08:36] [H7-TESTALL] 17 passed, 6 failed
[2026-03-23 06:08:36] [OK] TestAll: 17 passed / 6 failed
[2026-03-23 06:08:36] [H1-LEARN] Today: structural_pattern_matching | Example: match ... case ...
[2026-03-23 06:08:36] [OK] Learn: structural_pattern_matching
[2026-03-23 06:08:36] [H2-REFACTOR] daily_skills_summary.py already well-structured, no changes needed
[2026-03-23 06:08:36] [OK] Refactor: daily_skills_summary (no changes needed)
[2026-03-23 06:08:42] [H3-BENCH] │ 提升倍数 │ 19.1x │
[2026-03-23 06:08:42] [OK] Benchmark: │ 提升倍数 │ 19.1x │
[2026-03-23 06:08:42] === Harvey 进化完成 [mode=night] ===

[2026-03-23 06:16:27] === Harvey 进化引擎 [2026-03-23 06:16] mode=night ===
[2026-03-23 06:16:27] Running 4 tasks in night mode (4x)
[2026-03-23 06:16:35] [H7-TESTALL] 17 passed, 6 failed
[2026-03-23 06:16:35] [OK] TestAll: 17 passed / 6 failed
[2026-03-23 06:16:35] [H1-LEARN] Today: structural_pattern_matching | Example: match ... case ...
[2026-03-23 06:16:35] [OK] Learn: structural_pattern_matching
[2026-03-23 06:16:35] [H2-REFACTOR] daily_skills_summary.py already well-structured, no changes needed
[2026-03-23 06:16:35] [OK] Refactor: daily_skills_summary (no changes needed)
[2026-03-23 06:16:41] [H3-BENCH] │ 提升倍数 │ 19.4x │
[2026-03-23 06:16:41] [OK] Benchmark: │ 提升倍数 │ 19.4x │
[2026-03-23 06:16:41] === Harvey 进化完成 [mode=night] ===

[2026-03-23 06:30:29] === Harvey 进化引擎 [2026-03-23 06:30] mode=night ===
[2026-03-23 06:30:29] Running 4 tasks in night mode (4x)
[2026-03-23 06:30:37] [H7-TESTALL] 17 passed, 6 failed
[2026-03-23 06:30:37] [OK] TestAll: 17 passed / 6 failed
[2026-03-23 06:30:37] [H1-LEARN] Today: structural_pattern_matching | Example: match ... case ...
[2026-03-23 06:30:37] [OK] Learn: structural_pattern_matching
[2026-03-23 06:30:37] [H2-REFACTOR] daily_skills_summary.py already well-structured, no changes needed
[2026-03-23 06:30:37] [OK] Refactor: daily_skills_summary (no changes needed)
[2026-03-23 06:30:42] [H3-BENCH] │ 提升倍数 │ 19.2x │
[2026-03-23 06:30:42] [OK] Benchmark: │ 提升倍数 │ 19.2x │
[2026-03-23 06:30:42] === Harvey 进化完成 [mode=night] ===

[2026-03-23 06:45:09] === Harvey 进化引擎 [2026-03-23 06:45] mode=night ===
[2026-03-23 06:45:09] Running 4 tasks in night mode (4x)
[2026-03-23 06:45:17] [H7-TESTALL] 17 passed, 6 failed
[2026-03-23 06:45:17] [OK] TestAll: 17 passed / 6 failed
[2026-03-23 06:45:17] [H1-LEARN] Today: structural_pattern_matching | Example: match ... case ...
[2026-03-23 06:45:17] [OK] Learn: structural_pattern_matching
[2026-03-23 06:45:17] [H2-REFACTOR] daily_skills_summary.py already well-structured, no changes needed
[2026-03-23 06:45:17] [OK] Refactor: daily_skills_summary (no changes needed)
[2026-03-23 06:45:23] [H3-BENCH] │ 提升倍数 │ 19.3x │
[2026-03-23 06:45:23] [OK] Benchmark: │ 提升倍数 │ 19.3x │
[2026-03-23 06:45:23] === Harvey 进化完成 [mode=night] ===

[2026-03-23 07:00:25] === Harvey 进化引擎 [2026-03-23 07:00] mode=night ===
[2026-03-23 07:00:25] Running 4 tasks in night mode (4x)
[2026-03-23 07:00:25] [H1-LEARN] Today: structural_pattern_matching | Example: match ... case ...
[2026-03-23 07:00:25] [OK] Learn: structural_pattern_matching
[2026-03-23 07:00:25] [H2-REFACTOR] daily_skills_summary.py already well-structured, no changes needed
[2026-03-23 07:00:25] [OK] Refactor: daily_skills_summary (no changes needed)
[2026-03-23 07:00:31] [H3-BENCH] │ 提升倍数 │ 19.3x │
[2026-03-23 07:00:31] [OK] Benchmark: │ 提升倍数 │ 19.3x │
[2026-03-23 07:00:31] [OK] Test: test_skillhub.py already exists
[2026-03-23 07:00:31] === Harvey 进化完成 [mode=night] ===

[2026-03-23 07:01:50] === Harvey 进化引擎 [2026-03-23 07:01] mode=night ===
[2026-03-23 07:01:50] Running 4 tasks in night mode (4x)
[2026-03-23 07:01:50] [H1-LEARN] Today: structural_pattern_matching | Example: match ... case ...
[2026-03-23 07:01:50] [OK] Learn: structural_pattern_matching
[2026-03-23 07:01:50] [H2-REFACTOR] daily_skills_summary.py already well-structured, no changes needed
[2026-03-23 07:01:50] [OK] Refactor: daily_skills_summary (no changes needed)
[2026-03-23 07:01:55] [H3-BENCH] │ 提升倍数 │ 19.3x │
[2026-03-23 07:01:55] [OK] Benchmark: │ 提升倍数 │ 19.3x │
[2026-03-23 07:01:55] [OK] Test: test_skillhub.py already exists
[2026-03-23 07:01:55] === Harvey 进化完成 [mode=night] ===

[2026-03-23 07:15:49] === Harvey 进化引擎 [2026-03-23 07:15] mode=night ===
[2026-03-23 07:15:49] Running 4 tasks in night mode (4x)
[2026-03-23 07:15:49] [H1-LEARN] Today: structural_pattern_matching | Example: match ... case ...
[2026-03-23 07:15:49] [OK] Learn: structural_pattern_matching
[2026-03-23 07:15:49] [H2-REFACTOR] daily_skills_summary.py already well-structured, no changes needed
[2026-03-23 07:15:49] [OK] Refactor: daily_skills_summary (no changes needed)
[2026-03-23 07:15:55] [H3-BENCH] │ 提升倍数 │ 19.3x │
[2026-03-23 07:15:55] [OK] Benchmark: │ 提升倍数 │ 19.3x │
[2026-03-23 07:15:55] [OK] Test: test_skillhub.py already exists
[2026-03-23 07:15:55] === Harvey 进化完成 [mode=night] ===

[2026-03-23 07:30:24] === Harvey 进化引擎 [2026-03-23 07:30] mode=night ===
[2026-03-23 07:30:24] Running 4 tasks in night mode (4x)
[2026-03-23 07:30:24] [H1-LEARN] Today: structural_pattern_matching | Example: match ... case ...
[2026-03-23 07:30:24] [OK] Learn: structural_pattern_matching
[2026-03-23 07:30:24] [H2-REFACTOR] daily_skills_summary.py already well-structured, no changes needed
[2026-03-23 07:30:24] [OK] Refactor: daily_skills_summary (no changes needed)
[2026-03-23 07:30:30] [H3-BENCH] │ 提升倍数 │ 19.4x │
[2026-03-23 07:30:30] [OK] Benchmark: │ 提升倍数 │ 19.4x │
[2026-03-23 07:30:30] [OK] Test: test_skillhub.py already exists
[2026-03-23 07:30:30] === Harvey 进化完成 [mode=night] ===

[2026-03-23 07:45:12] === Harvey 进化引擎 [2026-03-23 07:45] mode=night ===
[2026-03-23 07:45:12] Running 4 tasks in night mode (4x)
[2026-03-23 07:45:12] [H1-LEARN] Today: structural_pattern_matching | Example: match ... case ...
[2026-03-23 07:45:12] [OK] Learn: structural_pattern_matching
[2026-03-23 07:45:12] [H2-REFACTOR] daily_skills_summary.py already well-structured, no changes needed
[2026-03-23 07:45:12] [OK] Refactor: daily_skills_summary (no changes needed)
[2026-03-23 07:45:17] [H3-BENCH] │ 提升倍数 │ 19.3x │
[2026-03-23 07:45:17] [OK] Benchmark: │ 提升倍数 │ 19.3x │
[2026-03-23 07:45:17] [OK] Test: test_skillhub.py already exists
[2026-03-23 07:45:17] === Harvey 进化完成 [mode=night] ===

[2026-03-23 08:01:58] === Harvey 进化引擎 [2026-03-23 08:01] mode=day ===
[2026-03-23 08:01:58] [H2-REFACTOR] daily_skills_summary.py already well-structured, no changes needed
[2026-03-23 08:01:58] [OK] Refactor: daily_skills_summary (no changes needed)
[2026-03-23 08:01:58] === Harvey 进化完成 [mode=day] ===

[2026-03-23 10:03:08] === Harvey 进化引擎 [2026-03-23 10:03] mode=day ===
[2026-03-23 10:03:08] [OK] Test: test_skillhub.py already exists
[2026-03-23 10:03:08] === Harvey 进化完成 [mode=day] ===

[2026-03-23 11:01:55] === Harvey 进化引擎 [2026-03-23 11:01] mode=day ===
[2026-03-23 11:01:55] [OK] Learnings: Learnings recorded for 2026-03-23 (0 errors)
[2026-03-23 11:01:55] === Harvey 进化完成 [mode=day] ===

[2026-03-23 14:01:50] === Harvey 进化引擎 [2026-03-23 14:01] mode=day ===
[2026-03-23 14:01:50] [H1-LEARN] Today: structural_pattern_matching | Example: match ... case ...
[2026-03-23 14:01:50] [OK] Learn: structural_pattern_matching
[2026-03-23 14:01:50] === Harvey 进化完成 [mode=day] ===

[2026-03-23 15:04:20] === Harvey 进化引擎 [2026-03-23 15:04] mode=day ===
[2026-03-23 15:04:20] [H2-REFACTOR] Added __all__ to ml_skills_upgrader.py
[2026-03-23 15:04:20] [OK] Refactor: ml_skills_upgrader: Added __all__ (9 items)
[2026-03-23 15:04:20] === Harvey 进化完成 [mode=day] ===

[2026-03-23 16:01:50] === Harvey 进化引擎 [2026-03-23 16:01] mode=day ===
[2026-03-23 16:01:55] [H3-BENCH] │ 提升倍数 │ 15.2x │
[2026-03-23 16:01:55] [OK] Benchmark: │ 提升倍数 │ 15.2x │
[2026-03-23 16:01:55] === Harvey 进化完成 [mode=day] ===

[2026-03-23 17:02:22] === Harvey 进化引擎 [2026-03-23 17:02] mode=day ===
[2026-03-23 17:02:22] [OK] Test: test_skillhub.py already exists
[2026-03-23 17:02:22] === Harvey 进化完成 [mode=day] ===

[2026-03-23 18:01:51] === Harvey 进化引擎 [2026-03-23 18:01] mode=day ===
[2026-03-23 18:01:51] [OK] Learnings: Learnings recorded for 2026-03-23 (0 errors)
[2026-03-23 18:01:51] === Harvey 进化完成 [mode=day] ===

[2026-03-23 19:06:27] === Harvey 进化引擎 [2026-03-23 19:06] mode=day ===
[2026-03-23 19:06:27] [H6-REPORT] Latest commit: a17286a fix: skillhub_auto_update.py - 修复两个bug
[2026-03-23 19:06:27] [OK] Report: a17286a fix: skillhub_auto_update.py - 修复两个bug
[2026-03-23 19:06:27] === Harvey 进化完成 [mode=day] ===

[2026-03-23 20:06:18] === Harvey 进化引擎 [2026-03-23 20:06] mode=day ===
[2026-03-23 20:06:26] [H7-TESTALL] 20 passed, 0 failed
[2026-03-23 20:06:26] [OK] TestAll: 20 passed / 0 failed
[2026-03-23 20:06:26] === Harvey 进化完成 [mode=day] ===

[2026-03-23 21:02:30] === Harvey 进化引擎 [2026-03-23 21:02] mode=day ===
[2026-03-23 21:02:30] [H1-LEARN] Today: structural_pattern_matching | Example: match ... case ...
[2026-03-23 21:02:30] [OK] Learn: structural_pattern_matching
[2026-03-23 21:02:30] === Harvey 进化完成 [mode=day] ===

[2026-03-23 22:01:51] === Harvey 进化引擎 [2026-03-23 22:01] mode=day ===
[2026-03-23 22:01:51] [H2-REFACTOR] ml_skills_upgrader.py already well-structured
[2026-03-23 22:01:51] [OK] Refactor: ml_skills_upgrader (no changes needed)
[2026-03-23 22:01:51] === Harvey 进化完成 [mode=day] ===

[2026-03-23 23:00:30] === Harvey 进化引擎 [2026-03-23 23:00] mode=night ===
[2026-03-23 23:00:30] Running 4 tasks in night mode (4x)
[2026-03-23 23:00:36] [H3-BENCH] │ 提升倍数 │ 19.6x │
[2026-03-23 23:00:36] [OK] Benchmark: │ 提升倍数 │ 19.6x │
[2026-03-23 23:00:36] [OK] Test: test_skillhub.py already exists
[2026-03-23 23:00:36] [OK] Learnings: Learnings recorded for 2026-03-23 (0 errors)
[2026-03-23 23:00:36] [H6-REPORT] Latest commit: a17286a fix: skillhub_auto_update.py - 修复两个bug
[2026-03-23 23:00:36] [OK] Report: a17286a fix: skillhub_auto_update.py - 修复两个bug
[2026-03-23 23:00:36] === Harvey 进化完成 [mode=night] ===

[2026-03-23 23:01:53] === Harvey 进化引擎 [2026-03-23 23:01] mode=night ===
[2026-03-23 23:01:53] Running 4 tasks in night mode (4x)
[2026-03-23 23:01:58] [H3-BENCH] │ 提升倍数 │ 19.3x │
[2026-03-23 23:01:58] [OK] Benchmark: │ 提升倍数 │ 19.3x │
[2026-03-23 23:01:58] [OK] Test: test_skillhub.py already exists
[2026-03-23 23:01:58] [OK] Learnings: Learnings recorded for 2026-03-23 (0 errors)
[2026-03-23 23:01:58] [H6-REPORT] Latest commit: a17286a fix: skillhub_auto_update.py - 修复两个bug
[2026-03-23 23:01:58] [OK] Report: a17286a fix: skillhub_auto_update.py - 修复两个bug
[2026-03-23 23:01:58] === Harvey 进化完成 [mode=night] ===

[2026-03-23 23:15:13] === Harvey 进化引擎 [2026-03-23 23:15] mode=night ===
[2026-03-23 23:15:13] Running 4 tasks in night mode (4x)
[2026-03-23 23:15:19] [H3-BENCH] │ 提升倍数 │ 19.4x │
[2026-03-23 23:15:19] [OK] Benchmark: │ 提升倍数 │ 19.4x │
[2026-03-23 23:15:19] [OK] Test: test_skillhub.py already exists
[2026-03-23 23:15:19] [OK] Learnings: Learnings recorded for 2026-03-23 (0 errors)
[2026-03-23 23:15:19] [H6-REPORT] Latest commit: a17286a fix: skillhub_auto_update.py - 修复两个bug
[2026-03-23 23:15:19] [OK] Report: a17286a fix: skillhub_auto_update.py - 修复两个bug
[2026-03-23 23:15:19] === Harvey 进化完成 [mode=night] ===

[2026-03-23 23:32:09] === Harvey 进化引擎 [2026-03-23 23:32] mode=night ===
[2026-03-23 23:32:09] Running 4 tasks in night mode (4x)
[2026-03-23 23:32:14] [H3-BENCH] │ 提升倍数 │ 19.3x │
[2026-03-23 23:32:14] [OK] Benchmark: │ 提升倍数 │ 19.3x │
[2026-03-23 23:32:14] [OK] Test: test_skillhub.py already exists
[2026-03-23 23:32:14] [OK] Learnings: Learnings recorded for 2026-03-23 (0 errors)
[2026-03-23 23:32:15] [H6-REPORT] Latest commit: a17286a fix: skillhub_auto_update.py - 修复两个bug
[2026-03-23 23:32:15] [OK] Report: a17286a fix: skillhub_auto_update.py - 修复两个bug
[2026-03-23 23:32:15] === Harvey 进化完成 [mode=night] ===

[2026-03-23 23:45:12] === Harvey 进化引擎 [2026-03-23 23:45] mode=night ===
[2026-03-23 23:45:12] Running 4 tasks in night mode (4x)
[2026-03-23 23:45:18] [H3-BENCH] │ 提升倍数 │ 19.2x │
[2026-03-23 23:45:18] [OK] Benchmark: │ 提升倍数 │ 19.2x │
[2026-03-23 23:45:18] [OK] Test: test_skillhub.py already exists
[2026-03-23 23:45:18] [OK] Learnings: Learnings recorded for 2026-03-23 (0 errors)
[2026-03-23 23:45:18] [H6-REPORT] Latest commit: a17286a fix: skillhub_auto_update.py - 修复两个bug
[2026-03-23 23:45:18] [OK] Report: a17286a fix: skillhub_auto_update.py - 修复两个bug
[2026-03-23 23:45:18] === Harvey 进化完成 [mode=night] ===

[2026-03-24 00:00:17] === Harvey 进化引擎 [2026-03-24 00:00] mode=night ===
[2026-03-24 00:00:17] Running 4 tasks in night mode (4x)
[2026-03-24 00:00:17] [H1-LEARN] Today: itertools | Example: from itertools import groupby, accumulate
[2026-03-24 00:00:17] [OK] Learn: itertools
[2026-03-24 00:00:17] [H2-REFACTOR] Adding type hints to self_health_check.py: ['log', 'get_feishu_token', 'send_feishu']
[2026-03-24 00:00:17] [H2-REFACTOR] Saved type hints to self_health_check.py
[2026-03-24 00:00:17] [H2-REFACTOR] Added __all__ to self_health_check.py
[2026-03-24 00:00:17] [OK] Refactor: self_health_check: Added type hints to log(), Added type hints to get_feishu_token(), Added type hin
[2026-03-24 00:00:23] [H3-BENCH] │ 提升倍数 │ 19.4x │
[2026-03-24 00:00:23] [OK] Benchmark: │ 提升倍数 │ 19.4x │
[2026-03-24 00:00:23] [OK] Test: test_skillhub.py already exists
[2026-03-24 00:00:23] === Harvey 进化完成 [mode=night] ===

[2026-03-24 00:01:50] === Harvey 进化引擎 [2026-03-24 00:01] mode=night ===
[2026-03-24 00:01:50] Running 4 tasks in night mode (4x)
[2026-03-24 00:01:50] [H1-LEARN] Today: itertools | Example: from itertools import groupby, accumulate
[2026-03-24 00:01:50] [OK] Learn: itertools
[2026-03-24 00:01:50] [H2-REFACTOR] Adding type hints to minimax_usage_check.py: ['run']
[2026-03-24 00:01:50] [H2-REFACTOR] Saved type hints to minimax_usage_check.py
[2026-03-24 00:01:50] [H2-REFACTOR] Added __all__ to minimax_usage_check.py
[2026-03-24 00:01:50] [OK] Refactor: minimax_usage_check: Added type hints to run(), Added __all__ (1 exports)
[2026-03-24 00:01:56] [H3-BENCH] │ 提升倍数 │ 19.5x │
[2026-03-24 00:01:56] [OK] Benchmark: │ 提升倍数 │ 19.5x │
[2026-03-24 00:01:56] [OK] Test: test_skillhub.py already exists
[2026-03-24 00:01:56] === Harvey 进化完成 [mode=night] ===

[2026-03-24 00:15:13] === Harvey 进化引擎 [2026-03-24 00:15] mode=night ===
[2026-03-24 00:15:13] Running 4 tasks in night mode (4x)
[2026-03-24 00:15:13] [H1-LEARN] Today: itertools | Example: from itertools import groupby, accumulate
[2026-03-24 00:15:13] [OK] Learn: itertools
[2026-03-24 00:15:13] [H2-REFACTOR] Adding type hints to test_auto_exec_rule.py: ['check_rule_exists', 'test_rule_logic', 'check_system_status']
[2026-03-24 00:15:13] [H2-REFACTOR] Saved type hints to test_auto_exec_rule.py
[2026-03-24 00:15:13] [H2-REFACTOR] Added __all__ to test_auto_exec_rule.py
[2026-03-24 00:15:13] [OK] Refactor: test_auto_exec_rule: Added type hints to check_rule_exists(), Added type hints to test_rule_logic(),
[2026-03-24 00:15:19] [H3-BENCH] │ 提升倍数 │ 19.7x │
[2026-03-24 00:15:19] [OK] Benchmark: │ 提升倍数 │ 19.7x │
[2026-03-24 00:15:19] [OK] Test: test_skillhub.py already exists
[2026-03-24 00:15:19] === Harvey 进化完成 [mode=night] ===

[2026-03-24 00:30:20] === Harvey 进化引擎 [2026-03-24 00:30] mode=night ===
[2026-03-24 00:30:20] Running 4 tasks in night mode (4x)
[2026-03-24 00:30:20] [H1-LEARN] Today: itertools | Example: from itertools import groupby, accumulate
[2026-03-24 00:30:20] [OK] Learn: itertools
[2026-03-24 00:30:20] [H2-REFACTOR] Adding type hints to auto_exec_checker.py: ['log', 'load_state', 'check_auto_exec_condition']
[2026-03-24 00:30:20] [H2-REFACTOR] Saved type hints to auto_exec_checker.py
[2026-03-24 00:30:20] [H2-REFACTOR] Added __all__ to auto_exec_checker.py
[2026-03-24 00:30:20] [OK] Refactor: auto_exec_checker: Added type hints to log(), Added type hints to load_state(), Added type hints to 
[2026-03-24 00:30:26] [H3-BENCH] │ 提升倍数 │ 18.3x │
[2026-03-24 00:30:26] [OK] Benchmark: │ 提升倍数 │ 18.3x │
[2026-03-24 00:30:26] [OK] Test: test_skillhub.py already exists
[2026-03-24 00:30:26] === Harvey 进化完成 [mode=night] ===

[2026-03-24 00:45:10] === Harvey 进化引擎 [2026-03-24 00:45] mode=night ===
[2026-03-24 00:45:10] Running 4 tasks in night mode (4x)
[2026-03-24 00:45:10] [H1-LEARN] Today: itertools | Example: from itertools import groupby, accumulate
[2026-03-24 00:45:10] [OK] Learn: itertools
[2026-03-24 00:45:10] [H2-REFACTOR] Adding type hints to minimax_usage_monitor.py: ['log', 'get_feishu_token', 'send_feishu_message']
[2026-03-24 00:45:10] [H2-REFACTOR] Saved type hints to minimax_usage_monitor.py
[2026-03-24 00:45:10] [H2-REFACTOR] Added __all__ to minimax_usage_monitor.py
[2026-03-24 00:45:10] [OK] Refactor: minimax_usage_monitor: Added type hints to log(), Added type hints to get_feishu_token(), Added type
[2026-03-24 00:45:16] [H3-BENCH] │ 提升倍数 │ 19.6x │
[2026-03-24 00:45:16] [OK] Benchmark: │ 提升倍数 │ 19.6x │
[2026-03-24 00:45:16] [OK] Test: test_skillhub.py already exists
[2026-03-24 00:45:16] === Harvey 进化完成 [mode=night] ===

[2026-03-24 01:00:22] === Harvey 进化引擎 [2026-03-24 01:00] mode=night ===
[2026-03-24 01:00:22] Running 4 tasks in night mode (4x)
[2026-03-24 01:00:22] [H2-REFACTOR] Adding type hints to usage_monitor.py: ['get_session_status', 'parse_usage_from_status_json', 'main']
[2026-03-24 01:00:22] [H2-REFACTOR] Saved type hints to usage_monitor.py
[2026-03-24 01:00:22] [H2-REFACTOR] Added __all__ to usage_monitor.py
[2026-03-24 01:00:22] [OK] Refactor: usage_monitor: Added type hints to get_session_status(), Added type hints to parse_usage_from_status
[2026-03-24 01:00:28] [H3-BENCH] │ 提升倍数 │ 18.7x │
[2026-03-24 01:00:28] [OK] Benchmark: │ 提升倍数 │ 18.7x │
[2026-03-24 01:00:28] [OK] Test: test_skillhub.py already exists
[2026-03-24 01:00:28] [OK] Learnings: Learnings recorded for 2026-03-24 (0 errors)
[2026-03-24 01:00:28] === Harvey 进化完成 [mode=night] ===

[2026-03-24 01:01:52] === Harvey 进化引擎 [2026-03-24 01:01] mode=night ===
[2026-03-24 01:01:52] Running 4 tasks in night mode (4x)
[2026-03-24 01:01:52] [H2-REFACTOR] Adding type hints to auto_reflection_trigger.py: ['get_recent_sessions', 'count_turns_on_topic', 'log_reflection']
[2026-03-24 01:01:52] [H2-REFACTOR] Saved type hints to auto_reflection_trigger.py
[2026-03-24 01:01:52] [H2-REFACTOR] Added __all__ to auto_reflection_trigger.py
[2026-03-24 01:01:52] [OK] Refactor: auto_reflection_trigger: Added type hints to get_recent_sessions(), Added type hints to count_turns_
[2026-03-24 01:01:57] [H3-BENCH] │ 提升倍数 │ 19.5x │
[2026-03-24 01:01:57] [OK] Benchmark: │ 提升倍数 │ 19.5x │
[2026-03-24 01:01:57] [OK] Test: test_skillhub.py already exists
[2026-03-24 01:01:57] [OK] Learnings: Learnings recorded for 2026-03-24 (0 errors)
[2026-03-24 01:01:57] === Harvey 进化完成 [mode=night] ===

[2026-03-24 01:15:10] === Harvey 进化引擎 [2026-03-24 01:15] mode=night ===
[2026-03-24 01:15:10] Running 4 tasks in night mode (4x)
[2026-03-24 01:15:10] [H2-REFACTOR] auto_reflection_trigger.py already well-structured (skipped)
[2026-03-24 01:15:10] [OK] Refactor: auto_reflection_trigger (no changes needed)
[2026-03-24 01:15:15] [H3-BENCH] │ 提升倍数 │ 19.2x │
[2026-03-24 01:15:15] [OK] Benchmark: │ 提升倍数 │ 19.2x │
[2026-03-24 01:15:15] [OK] Test: test_skillhub.py already exists
[2026-03-24 01:15:15] [OK] Learnings: Learnings recorded for 2026-03-24 (0 errors)
[2026-03-24 01:15:15] === Harvey 进化完成 [mode=night] ===

[2026-03-24 01:30:17] === Harvey 进化引擎 [2026-03-24 01:30] mode=night ===
[2026-03-24 01:30:17] Running 4 tasks in night mode (4x)
[2026-03-24 01:30:17] [H2-REFACTOR] Adding type hints to usage_monitor.py: ['get_minimax_cookies', 'get_usage_from_api', 'main']
[2026-03-24 01:30:17] [H2-REFACTOR] Saved type hints to usage_monitor.py
[2026-03-24 01:30:17] [H2-REFACTOR] Added __all__ to usage_monitor.py
[2026-03-24 01:30:17] [OK] Refactor: usage_monitor: Added type hints to get_minimax_cookies(), Added type hints to get_usage_from_api(), 
[2026-03-24 01:30:23] [H3-BENCH] │ 提升倍数 │ 19.5x │
[2026-03-24 01:30:23] [OK] Benchmark: │ 提升倍数 │ 19.5x │
[2026-03-24 01:30:23] [OK] Test: test_skillhub.py already exists
[2026-03-24 01:30:23] [OK] Learnings: Learnings recorded for 2026-03-24 (0 errors)
[2026-03-24 01:30:23] === Harvey 进化完成 [mode=night] ===

[2026-03-24 01:50:36] === Harvey 进化引擎 [2026-03-24 01:50] mode=night ===
[2026-03-24 01:50:36] Running 4 tasks in night mode (4x)
[2026-03-24 01:50:36] [H2-REFACTOR] usage_monitor.py already well-structured (skipped)
[2026-03-24 01:50:36] [OK] Refactor: usage_monitor (no changes needed)
[2026-03-24 01:50:42] [H3-BENCH] │ 提升倍数 │ 17.8x │
[2026-03-24 01:50:42] [OK] Benchmark: │ 提升倍数 │ 17.8x │
[2026-03-24 01:50:42] [OK] Test: test_skillhub.py already exists
[2026-03-24 01:50:42] [OK] Learnings: Learnings recorded for 2026-03-24 (0 errors)
[2026-03-24 01:50:42] === Harvey 进化完成 [mode=night] ===

[2026-03-24 02:04:30] === Harvey 进化引擎 [2026-03-24 02:04] mode=night ===
[2026-03-24 02:04:30] Running 4 tasks in night mode (4x)
[2026-03-24 02:04:35] [H3-BENCH] │ 提升倍数 │ 19.2x │
[2026-03-24 02:04:35] [OK] Benchmark: │ 提升倍数 │ 19.2x │
[2026-03-24 02:04:35] [OK] Test: test_skillhub.py already exists
[2026-03-24 02:04:35] [OK] Learnings: Learnings recorded for 2026-03-24 (0 errors)
[2026-03-24 02:04:36] [H6-REPORT] Latest commit: b2f83f4 fix: 修正5小时窗口标签 - current_interval_usage_count=可用次数（与usage_monitor.py一致，James确认）
[2026-03-24 02:04:36] [OK] Report: b2f83f4 fix: 修正5小时窗口标签 - current_interval_usage_count=可用次数（与usage_monitor.py一致，James确认）
[2026-03-24 02:04:36] === Harvey 进化完成 [mode=night] ===

[2026-03-24 02:04:43] === Harvey 进化引擎 [2026-03-24 02:04] mode=night ===
[2026-03-24 02:04:43] Running 4 tasks in night mode (4x)
[2026-03-24 02:04:49] [H3-BENCH] │ 提升倍数 │ 19.6x │
[2026-03-24 02:04:49] [OK] Benchmark: │ 提升倍数 │ 19.6x │
[2026-03-24 02:04:49] [OK] Test: test_skillhub.py already exists
[2026-03-24 02:04:49] [OK] Learnings: Learnings recorded for 2026-03-24 (0 errors)
[2026-03-24 02:04:49] [H6-REPORT] Latest commit: b2f83f4 fix: 修正5小时窗口标签 - current_interval_usage_count=可用次数（与usage_monitor.py一致，James确认）
[2026-03-24 02:04:49] [OK] Report: b2f83f4 fix: 修正5小时窗口标签 - current_interval_usage_count=可用次数（与usage_monitor.py一致，James确认）
[2026-03-24 02:04:49] === Harvey 进化完成 [mode=night] ===

[2026-03-24 02:15:09] === Harvey 进化引擎 [2026-03-24 02:15] mode=night ===
[2026-03-24 02:15:09] Running 4 tasks in night mode (4x)
[2026-03-24 02:15:15] [H3-BENCH] │ 提升倍数 │ 19.4x │
[2026-03-24 02:15:15] [OK] Benchmark: │ 提升倍数 │ 19.4x │
[2026-03-24 02:15:15] [OK] Test: test_skillhub.py already exists
[2026-03-24 02:15:15] [OK] Learnings: Learnings recorded for 2026-03-24 (0 errors)
[2026-03-24 02:15:15] [H6-REPORT] Latest commit: b2f83f4 fix: 修正5小时窗口标签 - current_interval_usage_count=可用次数（与usage_monitor.py一致，James确认）
[2026-03-24 02:15:15] [OK] Report: b2f83f4 fix: 修正5小时窗口标签 - current_interval_usage_count=可用次数（与usage_monitor.py一致，James确认）
[2026-03-24 02:15:15] === Harvey 进化完成 [mode=night] ===

[2026-03-24 02:30:11] === Harvey 进化引擎 [2026-03-24 02:30] mode=night ===
[2026-03-24 02:30:11] Running 4 tasks in night mode (4x)
[2026-03-24 02:30:17] [H3-BENCH] │ 提升倍数 │ 19.3x │
[2026-03-24 02:30:17] [OK] Benchmark: │ 提升倍数 │ 19.3x │
[2026-03-24 02:30:17] [OK] Test: test_skillhub.py already exists
[2026-03-24 02:30:17] [OK] Learnings: Learnings recorded for 2026-03-24 (0 errors)
[2026-03-24 02:30:17] [H6-REPORT] Latest commit: b2f83f4 fix: 修正5小时窗口标签 - current_interval_usage_count=可用次数（与usage_monitor.py一致，James确认）
[2026-03-24 02:30:17] [OK] Report: b2f83f4 fix: 修正5小时窗口标签 - current_interval_usage_count=可用次数（与usage_monitor.py一致，James确认）
[2026-03-24 02:30:17] === Harvey 进化完成 [mode=night] ===

[2026-03-24 02:45:49] === Harvey 进化引擎 [2026-03-24 02:45] mode=night ===
[2026-03-24 02:45:49] Running 4 tasks in night mode (4x)
[2026-03-24 02:45:55] [H3-BENCH] │ 提升倍数 │ 19.5x │
[2026-03-24 02:45:55] [OK] Benchmark: │ 提升倍数 │ 19.5x │
[2026-03-24 02:45:55] [OK] Test: test_skillhub.py already exists
[2026-03-24 02:45:55] [OK] Learnings: Learnings recorded for 2026-03-24 (0 errors)
[2026-03-24 02:45:55] [H6-REPORT] Latest commit: b2f83f4 fix: 修正5小时窗口标签 - current_interval_usage_count=可用次数（与usage_monitor.py一致，James确认）
[2026-03-24 02:45:55] [OK] Report: b2f83f4 fix: 修正5小时窗口标签 - current_interval_usage_count=可用次数（与usage_monitor.py一致，James确认）
[2026-03-24 02:45:55] === Harvey 进化完成 [mode=night] ===

[2026-03-24 03:00:15] === Harvey 进化引擎 [2026-03-24 03:00] mode=night ===
[2026-03-24 03:00:15] Running 4 tasks in night mode (4x)
[2026-03-24 03:00:15] [OK] Test: test_skillhub.py already exists
[2026-03-24 03:00:15] [OK] Learnings: Learnings recorded for 2026-03-24 (0 errors)
[2026-03-24 03:00:15] [H6-REPORT] Latest commit: b2f83f4 fix: 修正5小时窗口标签 - current_interval_usage_count=可用次数（与usage_monitor.py一致，James确认）
[2026-03-24 03:00:15] [OK] Report: b2f83f4 fix: 修正5小时窗口标签 - current_interval_usage_count=可用次数（与usage_monitor.py一致，James确认）
[2026-03-24 03:00:23] [H7-TESTALL] 20 passed, 0 failed
[2026-03-24 03:00:23] [OK] TestAll: 20 passed / 0 failed
[2026-03-24 03:00:23] === Harvey 进化完成 [mode=night] ===

[2026-03-24 03:01:50] === Harvey 进化引擎 [2026-03-24 03:01] mode=night ===
[2026-03-24 03:01:50] Running 4 tasks in night mode (4x)
[2026-03-24 03:01:50] [OK] Test: test_skillhub.py already exists
[2026-03-24 03:01:50] [OK] Learnings: Learnings recorded for 2026-03-24 (0 errors)
[2026-03-24 03:01:50] [H6-REPORT] Latest commit: b2f83f4 fix: 修正5小时窗口标签 - current_interval_usage_count=可用次数（与usage_monitor.py一致，James确认）
[2026-03-24 03:01:50] [OK] Report: b2f83f4 fix: 修正5小时窗口标签 - current_interval_usage_count=可用次数（与usage_monitor.py一致，James确认）
[2026-03-24 03:01:58] [H7-TESTALL] 20 passed, 0 failed
[2026-03-24 03:01:58] [OK] TestAll: 20 passed / 0 failed
[2026-03-24 03:01:58] === Harvey 进化完成 [mode=night] ===

[2026-03-24 03:15:08] === Harvey 进化引擎 [2026-03-24 03:15] mode=night ===
[2026-03-24 03:15:08] Running 4 tasks in night mode (4x)
[2026-03-24 03:15:08] [OK] Test: test_skillhub.py already exists
[2026-03-24 03:15:08] [OK] Learnings: Learnings recorded for 2026-03-24 (0 errors)
[2026-03-24 03:15:09] [H6-REPORT] Latest commit: b2f83f4 fix: 修正5小时窗口标签 - current_interval_usage_count=可用次数（与usage_monitor.py一致，James确认）
[2026-03-24 03:15:09] [OK] Report: b2f83f4 fix: 修正5小时窗口标签 - current_interval_usage_count=可用次数（与usage_monitor.py一致，James确认）
[2026-03-24 03:15:16] [H7-TESTALL] 20 passed, 0 failed
[2026-03-24 03:15:16] [OK] TestAll: 20 passed / 0 failed
[2026-03-24 03:15:16] === Harvey 进化完成 [mode=night] ===

[2026-03-24 03:30:15] === Harvey 进化引擎 [2026-03-24 03:30] mode=night ===
[2026-03-24 03:30:15] Running 4 tasks in night mode (4x)
[2026-03-24 03:30:15] [OK] Test: test_skillhub.py already exists
[2026-03-24 03:30:15] [OK] Learnings: Learnings recorded for 2026-03-24 (0 errors)
[2026-03-24 03:30:15] [H6-REPORT] Latest commit: b2f83f4 fix: 修正5小时窗口标签 - current_interval_usage_count=可用次数（与usage_monitor.py一致，James确认）
[2026-03-24 03:30:15] [OK] Report: b2f83f4 fix: 修正5小时窗口标签 - current_interval_usage_count=可用次数（与usage_monitor.py一致，James确认）
[2026-03-24 03:30:23] [H7-TESTALL] 20 passed, 0 failed
[2026-03-24 03:30:23] [OK] TestAll: 20 passed / 0 failed
[2026-03-24 03:30:23] === Harvey 进化完成 [mode=night] ===

[2026-03-24 03:45:14] === Harvey 进化引擎 [2026-03-24 03:45] mode=night ===
[2026-03-24 03:45:14] Running 4 tasks in night mode (4x)
[2026-03-24 03:45:14] [OK] Test: test_skillhub.py already exists
[2026-03-24 03:45:14] [OK] Learnings: Learnings recorded for 2026-03-24 (0 errors)
[2026-03-24 03:45:14] [H6-REPORT] Latest commit: b2f83f4 fix: 修正5小时窗口标签 - current_interval_usage_count=可用次数（与usage_monitor.py一致，James确认）
[2026-03-24 03:45:14] [OK] Report: b2f83f4 fix: 修正5小时窗口标签 - current_interval_usage_count=可用次数（与usage_monitor.py一致，James确认）
[2026-03-24 03:45:21] [H7-TESTALL] 20 passed, 0 failed
[2026-03-24 03:45:21] [OK] TestAll: 20 passed / 0 failed
[2026-03-24 03:45:21] === Harvey 进化完成 [mode=night] ===

[2026-03-24 04:02:55] === Harvey 进化引擎 [2026-03-24 04:02] mode=night ===
[2026-03-24 04:02:55] Running 4 tasks in night mode (4x)
[2026-03-24 04:02:55] [OK] Learnings: Learnings recorded for 2026-03-24 (0 errors)
[2026-03-24 04:02:55] [H6-REPORT] Latest commit: b2f83f4 fix: 修正5小时窗口标签 - current_interval_usage_count=可用次数（与usage_monitor.py一致，James确认）
[2026-03-24 04:02:55] [OK] Report: b2f83f4 fix: 修正5小时窗口标签 - current_interval_usage_count=可用次数（与usage_monitor.py一致，James确认）
[2026-03-24 04:03:03] [H7-TESTALL] 20 passed, 0 failed
[2026-03-24 04:03:03] [OK] TestAll: 20 passed / 0 failed
[2026-03-24 04:03:03] [H1-LEARN] Today: itertools | Example: from itertools import groupby, accumulate
[2026-03-24 04:03:03] [OK] Learn: itertools
[2026-03-24 04:03:03] === Harvey 进化完成 [mode=night] ===

[2026-03-24 04:03:08] === Harvey 进化引擎 [2026-03-24 04:03] mode=night ===
[2026-03-24 04:03:08] Running 4 tasks in night mode (4x)
[2026-03-24 04:03:08] [OK] Learnings: Learnings recorded for 2026-03-24 (0 errors)
[2026-03-24 04:03:08] [H6-REPORT] Latest commit: b2f83f4 fix: 修正5小时窗口标签 - current_interval_usage_count=可用次数（与usage_monitor.py一致，James确认）
[2026-03-24 04:03:08] [OK] Report: b2f83f4 fix: 修正5小时窗口标签 - current_interval_usage_count=可用次数（与usage_monitor.py一致，James确认）
[2026-03-24 04:03:16] [H7-TESTALL] 20 passed, 0 failed
[2026-03-24 04:03:16] [OK] TestAll: 20 passed / 0 failed
[2026-03-24 04:03:16] [H1-LEARN] Today: itertools | Example: from itertools import groupby, accumulate
[2026-03-24 04:03:16] [OK] Learn: itertools
[2026-03-24 04:03:16] === Harvey 进化完成 [mode=night] ===

[2026-03-24 04:15:12] === Harvey 进化引擎 [2026-03-24 04:15] mode=night ===
[2026-03-24 04:15:12] Running 4 tasks in night mode (4x)
[2026-03-24 04:15:12] [OK] Learnings: Learnings recorded for 2026-03-24 (0 errors)
[2026-03-24 04:15:12] [H6-REPORT] Latest commit: b2f83f4 fix: 修正5小时窗口标签 - current_interval_usage_count=可用次数（与usage_monitor.py一致，James确认）
[2026-03-24 04:15:12] [OK] Report: b2f83f4 fix: 修正5小时窗口标签 - current_interval_usage_count=可用次数（与usage_monitor.py一致，James确认）
[2026-03-24 04:15:20] [H7-TESTALL] 20 passed, 0 failed
[2026-03-24 04:15:20] [OK] TestAll: 20 passed / 0 failed
[2026-03-24 04:15:20] [H1-LEARN] Today: itertools | Example: from itertools import groupby, accumulate
[2026-03-24 04:15:20] [OK] Learn: itertools
[2026-03-24 04:15:20] === Harvey 进化完成 [mode=night] ===

[2026-03-24 04:30:16] === Harvey 进化引擎 [2026-03-24 04:30] mode=night ===
[2026-03-24 04:30:16] Running 4 tasks in night mode (4x)
[2026-03-24 04:30:16] [OK] Learnings: Learnings recorded for 2026-03-24 (0 errors)
[2026-03-24 04:30:16] [H6-REPORT] Latest commit: b2f83f4 fix: 修正5小时窗口标签 - current_interval_usage_count=可用次数（与usage_monitor.py一致，James确认）
[2026-03-24 04:30:16] [OK] Report: b2f83f4 fix: 修正5小时窗口标签 - current_interval_usage_count=可用次数（与usage_monitor.py一致，James确认）
[2026-03-24 04:30:24] [H7-TESTALL] 20 passed, 0 failed
[2026-03-24 04:30:24] [OK] TestAll: 20 passed / 0 failed
[2026-03-24 04:30:24] [H1-LEARN] Today: itertools | Example: from itertools import groupby, accumulate
[2026-03-24 04:30:24] [OK] Learn: itertools
[2026-03-24 04:30:24] === Harvey 进化完成 [mode=night] ===

[2026-03-24 04:45:09] === Harvey 进化引擎 [2026-03-24 04:45] mode=night ===
[2026-03-24 04:45:09] Running 4 tasks in night mode (4x)
[2026-03-24 04:45:09] [OK] Learnings: Learnings recorded for 2026-03-24 (0 errors)
[2026-03-24 04:45:10] [H6-REPORT] Latest commit: ba8ce17 night: learnings recorded 2026-03-24
[2026-03-24 04:45:10] [OK] Report: ba8ce17 night: learnings recorded 2026-03-24
[2026-03-24 04:45:17] [H7-TESTALL] 20 passed, 0 failed
[2026-03-24 04:45:17] [OK] TestAll: 20 passed / 0 failed
[2026-03-24 04:45:17] [H1-LEARN] Today: itertools | Example: from itertools import groupby, accumulate
[2026-03-24 04:45:17] [OK] Learn: itertools
[2026-03-24 04:45:17] === Harvey 进化完成 [mode=night] ===

[2026-03-24 05:03:56] === Harvey 进化引擎 [2026-03-24 05:03] mode=night ===
[2026-03-24 05:03:56] Running 4 tasks in night mode (4x)
[2026-03-24 05:03:56] [H6-REPORT] Latest commit: ef884f0 night: learnings recorded 2026-03-24
[2026-03-24 05:03:56] [OK] Report: ef884f0 night: learnings recorded 2026-03-24
[2026-03-24 05:04:03] [H7-TESTALL] 20 passed, 0 failed
[2026-03-24 05:04:03] [OK] TestAll: 20 passed / 0 failed
[2026-03-24 05:04:03] [H1-LEARN] Today: itertools | Example: from itertools import groupby, accumulate
[2026-03-24 05:04:03] [OK] Learn: itertools
[2026-03-24 05:04:03] [H2-REFACTOR] Adding type hints to usage_monitor.py: ['get_minimax_cookies', 'get_usage_from_api', 'main']
[2026-03-24 05:04:03] [H2-REFACTOR] Saved type hints to usage_monitor.py
[2026-03-24 05:04:03] [H2-REFACTOR] Added __all__ to usage_monitor.py
[2026-03-24 05:04:03] [OK] Refactor: usage_monitor: Added type hints to get_minimax_cookies(), Added type hints to get_usage_from_api(), 
[2026-03-24 05:04:03] === Harvey 进化完成 [mode=night] ===

[2026-03-24 05:04:17] === Harvey 进化引擎 [2026-03-24 05:04] mode=night ===
[2026-03-24 05:04:17] Running 4 tasks in night mode (4x)
[2026-03-24 05:04:17] [H6-REPORT] Latest commit: 9437362 night: type hints added to usage_monitor.py 2026-03-24
[2026-03-24 05:04:17] [OK] Report: 9437362 night: type hints added to usage_monitor.py 2026-03-24
[2026-03-24 05:04:24] [H7-TESTALL] 20 passed, 0 failed
[2026-03-24 05:04:24] [OK] TestAll: 20 passed / 0 failed
[2026-03-24 05:04:24] [H1-LEARN] Today: itertools | Example: from itertools import groupby, accumulate
[2026-03-24 05:04:24] [OK] Learn: itertools
[2026-03-24 05:04:24] [H2-REFACTOR] usage_monitor.py already well-structured (skipped)
[2026-03-24 05:04:24] [OK] Refactor: usage_monitor (no changes needed)
[2026-03-24 05:04:24] === Harvey 进化完成 [mode=night] ===

[2026-03-24 05:15:08] === Harvey 进化引擎 [2026-03-24 05:15] mode=night ===
[2026-03-24 05:15:08] Running 4 tasks in night mode (4x)
[2026-03-24 05:15:08] [H6-REPORT] Latest commit: 1f827de night: learnings recorded 2026-03-24
[2026-03-24 05:15:08] [OK] Report: 1f827de night: learnings recorded 2026-03-24
[2026-03-24 05:15:16] [H7-TESTALL] 20 passed, 0 failed
[2026-03-24 05:15:16] [OK] TestAll: 20 passed / 0 failed
[2026-03-24 05:15:16] [H1-LEARN] Today: itertools | Example: from itertools import groupby, accumulate
[2026-03-24 05:15:16] [OK] Learn: itertools
[2026-03-24 05:15:16] [H2-REFACTOR] usage_monitor.py already well-structured (skipped)
[2026-03-24 05:15:16] [OK] Refactor: usage_monitor (no changes needed)
[2026-03-24 05:15:16] === Harvey 进化完成 [mode=night] ===

[2026-03-24 05:30:14] === Harvey 进化引擎 [2026-03-24 05:30] mode=night ===
[2026-03-24 05:30:14] Running 4 tasks in night mode (4x)
[2026-03-24 05:30:14] [H6-REPORT] Latest commit: 1f827de night: learnings recorded 2026-03-24
[2026-03-24 05:30:14] [OK] Report: 1f827de night: learnings recorded 2026-03-24
[2026-03-24 05:30:22] [H7-TESTALL] 20 passed, 0 failed
[2026-03-24 05:30:22] [OK] TestAll: 20 passed / 0 failed
[2026-03-24 05:30:22] [H1-LEARN] Today: itertools | Example: from itertools import groupby, accumulate
[2026-03-24 05:30:22] [OK] Learn: itertools
[2026-03-24 05:30:22] [H2-REFACTOR] usage_monitor.py already well-structured (skipped)
[2026-03-24 05:30:22] [OK] Refactor: usage_monitor (no changes needed)
[2026-03-24 05:30:22] === Harvey 进化完成 [mode=night] ===

[2026-03-24 05:45:08] === Harvey 进化引擎 [2026-03-24 05:45] mode=night ===
[2026-03-24 05:45:08] Running 4 tasks in night mode (4x)
[2026-03-24 05:45:08] [H6-REPORT] Latest commit: 1f827de night: learnings recorded 2026-03-24
[2026-03-24 05:45:08] [OK] Report: 1f827de night: learnings recorded 2026-03-24
[2026-03-24 05:45:16] [H7-TESTALL] 20 passed, 0 failed
[2026-03-24 05:45:16] [OK] TestAll: 20 passed / 0 failed
[2026-03-24 05:45:16] [H1-LEARN] Today: itertools | Example: from itertools import groupby, accumulate
[2026-03-24 05:45:16] [OK] Learn: itertools
[2026-03-24 05:45:16] [H2-REFACTOR] Adding type hints to jiti_cache_monitor.py: ['main']
[2026-03-24 05:45:16] [H2-REFACTOR] Saved type hints to jiti_cache_monitor.py
[2026-03-24 05:45:16] [OK] Refactor: jiti_cache_monitor: Added type hints to main()
[2026-03-24 05:45:16] === Harvey 进化完成 [mode=night] ===

[2026-03-24 06:01:12] === Harvey 进化引擎 [2026-03-24 06:01] mode=night ===
[2026-03-24 06:01:12] Running 4 tasks in night mode (4x)
[2026-03-24 06:01:20] [H7-TESTALL] 20 passed, 0 failed
[2026-03-24 06:01:20] [OK] TestAll: 20 passed / 0 failed
[2026-03-24 06:01:20] [H1-LEARN] Today: itertools | Example: from itertools import groupby, accumulate
[2026-03-24 06:01:20] [OK] Learn: itertools
[2026-03-24 06:01:20] [H2-REFACTOR] jiti_cache_monitor.py already well-structured (skipped)
[2026-03-24 06:01:20] [OK] Refactor: jiti_cache_monitor (no changes needed)
[2026-03-24 06:01:25] [H3-BENCH] │ 提升倍数 │ 19.3x │
[2026-03-24 06:01:25] [OK] Benchmark: │ 提升倍数 │ 19.3x │
[2026-03-24 06:01:25] === Harvey 进化完成 [mode=night] ===

[2026-03-24 06:03:56] === Harvey 进化引擎 [2026-03-24 06:03] mode=night ===
[2026-03-24 06:03:56] Running 4 tasks in night mode (4x)
[2026-03-24 06:04:04] [H7-TESTALL] 20 passed, 0 failed
[2026-03-24 06:04:04] [OK] TestAll: 20 passed / 0 failed
[2026-03-24 06:04:04] [H1-LEARN] Today: itertools | Example: from itertools import groupby, accumulate
[2026-03-24 06:04:04] [OK] Learn: itertools
[2026-03-24 06:04:04] [H2-REFACTOR] jiti_cache_monitor.py already well-structured (skipped)
[2026-03-24 06:04:04] [OK] Refactor: jiti_cache_monitor (no changes needed)
[2026-03-24 06:04:09] [H3-BENCH] │ 提升倍数 │ 19.1x │
[2026-03-24 06:04:09] [OK] Benchmark: │ 提升倍数 │ 19.1x │
[2026-03-24 06:04:09] === Harvey 进化完成 [mode=night] ===

[2026-03-24 06:15:08] === Harvey 进化引擎 [2026-03-24 06:15] mode=night ===
[2026-03-24 06:15:08] Running 4 tasks in night mode (4x)
[2026-03-24 06:15:16] [H7-TESTALL] 20 passed, 0 failed
[2026-03-24 06:15:16] [OK] TestAll: 20 passed / 0 failed
[2026-03-24 06:15:16] [H1-LEARN] Today: itertools | Example: from itertools import groupby, accumulate
[2026-03-24 06:15:16] [OK] Learn: itertools
[2026-03-24 06:15:16] [H2-REFACTOR] Adding type hints to daily_skills_summary.py: ['send_email_with_retry', 'send_email', 'get_new_skills']
[2026-03-24 06:15:16] [H2-REFACTOR] Saved type hints to daily_skills_summary.py
[2026-03-24 06:15:16] [OK] Refactor: daily_skills_summary: Added type hints to send_email_with_retry(), Added type hints to send_email(),
[2026-03-24 06:15:21] [H3-BENCH] │ 提升倍数 │ 19.4x │
[2026-03-24 06:15:21] [OK] Benchmark: │ 提升倍数 │ 19.4x │
[2026-03-24 06:15:21] === Harvey 进化完成 [mode=night] ===

[2026-03-24 06:30:18] === Harvey 进化引擎 [2026-03-24 06:30] mode=night ===
[2026-03-24 06:30:18] Running 4 tasks in night mode (4x)
[2026-03-24 06:30:26] [H7-TESTALL] 20 passed, 0 failed
[2026-03-24 06:30:26] [OK] TestAll: 20 passed / 0 failed
[2026-03-24 06:30:26] [H1-LEARN] Today: itertools | Example: from itertools import groupby, accumulate
[2026-03-24 06:30:26] [OK] Learn: itertools
[2026-03-24 06:30:26] [H2-REFACTOR] daily_skills_summary.py already well-structured (skipped)
[2026-03-24 06:30:26] [OK] Refactor: daily_skills_summary (no changes needed)
[2026-03-24 06:30:32] [H3-BENCH] │ 提升倍数 │ 19.3x │
[2026-03-24 06:30:32] [OK] Benchmark: │ 提升倍数 │ 19.3x │
[2026-03-24 06:30:32] === Harvey 进化完成 [mode=night] ===

[2026-03-24 06:31:10] === Harvey 进化引擎 [2026-03-24 06:31] mode=day ===
[2026-03-24 06:31:17] [H7-TESTALL] 20 passed, 0 failed
[2026-03-24 06:31:17] [OK] TestAll: 20 passed / 0 failed
[2026-03-24 06:31:17] === Harvey 进化完成 [mode=day] ===

[2026-03-24 06:45:10] === Harvey 进化引擎 [2026-03-24 06:45] mode=night ===
[2026-03-24 06:45:10] Running 4 tasks in night mode (4x)
[2026-03-24 06:45:18] [H7-TESTALL] 20 passed, 0 failed
[2026-03-24 06:45:18] [OK] TestAll: 20 passed / 0 failed
[2026-03-24 06:45:18] [H1-LEARN] Today: itertools | Example: from itertools import groupby, accumulate
[2026-03-24 06:45:18] [OK] Learn: itertools
[2026-03-24 06:45:18] [H2-REFACTOR] daily_skills_summary.py already well-structured (skipped)
[2026-03-24 06:45:18] [OK] Refactor: daily_skills_summary (no changes needed)
[2026-03-24 06:45:24] [H3-BENCH] │ 提升倍数 │ 19.3x │
[2026-03-24 06:45:24] [OK] Benchmark: │ 提升倍数 │ 19.3x │
[2026-03-24 06:45:24] === Harvey 进化完成 [mode=night] ===

[2026-03-24 07:00:22] === Harvey 进化引擎 [2026-03-24 07:00] mode=night ===
[2026-03-24 07:00:22] Running 4 tasks in night mode (4x)
[2026-03-24 07:00:22] [H1-LEARN] Today: itertools | Example: from itertools import groupby, accumulate
[2026-03-24 07:00:22] [OK] Learn: itertools
[2026-03-24 07:00:22] [H2-REFACTOR] daily_skills_summary.py already well-structured (skipped)
[2026-03-24 07:00:22] [OK] Refactor: daily_skills_summary (no changes needed)
[2026-03-24 07:00:28] [H3-BENCH] │ 提升倍数 │ 18.3x │
[2026-03-24 07:00:28] [OK] Benchmark: │ 提升倍数 │ 18.3x │
[2026-03-24 07:00:28] [OK] Test: test_skillhub.py already exists
[2026-03-24 07:00:28] === Harvey 进化完成 [mode=night] ===

[2026-03-24 07:01:51] === Harvey 进化引擎 [2026-03-24 07:01] mode=night ===
[2026-03-24 07:01:51] Running 4 tasks in night mode (4x)
[2026-03-24 07:01:51] [H1-LEARN] Today: itertools | Example: from itertools import groupby, accumulate
[2026-03-24 07:01:51] [OK] Learn: itertools
[2026-03-24 07:01:51] [H2-REFACTOR] daily_skills_summary.py already well-structured (skipped)
[2026-03-24 07:01:51] [OK] Refactor: daily_skills_summary (no changes needed)
[2026-03-24 07:01:57] [H3-BENCH] │ 提升倍数 │ 19.3x │
[2026-03-24 07:01:57] [OK] Benchmark: │ 提升倍数 │ 19.3x │
[2026-03-24 07:01:57] [OK] Test: test_skillhub.py already exists
[2026-03-24 07:01:57] === Harvey 进化完成 [mode=night] ===

[2026-03-24 07:15:09] === Harvey 进化引擎 [2026-03-24 07:15] mode=night ===
[2026-03-24 07:15:09] Running 4 tasks in night mode (4x)
[2026-03-24 07:15:09] [H1-LEARN] Today: itertools | Example: from itertools import groupby, accumulate
[2026-03-24 07:15:09] [OK] Learn: itertools
[2026-03-24 07:15:09] [H2-REFACTOR] daily_skills_summary.py already well-structured (skipped)
[2026-03-24 07:15:09] [OK] Refactor: daily_skills_summary (no changes needed)
[2026-03-24 07:15:15] [H3-BENCH] │ 提升倍数 │ 19.3x │
[2026-03-24 07:15:15] [OK] Benchmark: │ 提升倍数 │ 19.3x │
[2026-03-24 07:15:15] [OK] Test: test_skillhub.py already exists
[2026-03-24 07:15:15] === Harvey 进化完成 [mode=night] ===

[2026-03-24 07:30:19] === Harvey 进化引擎 [2026-03-24 07:30] mode=night ===
[2026-03-24 07:30:19] Running 4 tasks in night mode (4x)
[2026-03-24 07:30:19] [H1-LEARN] Today: itertools | Example: from itertools import groupby, accumulate
[2026-03-24 07:30:19] [OK] Learn: itertools
[2026-03-24 07:30:19] [H2-REFACTOR] daily_skills_summary.py already well-structured (skipped)
[2026-03-24 07:30:19] [OK] Refactor: daily_skills_summary (no changes needed)
[2026-03-24 07:30:25] [H3-BENCH] │ 提升倍数 │ 18.9x │
[2026-03-24 07:30:25] [OK] Benchmark: │ 提升倍数 │ 18.9x │
[2026-03-24 07:30:25] [OK] Test: test_skillhub.py already exists
[2026-03-24 07:30:25] === Harvey 进化完成 [mode=night] ===

[2026-03-24 07:45:08] === Harvey 进化引擎 [2026-03-24 07:45] mode=night ===
[2026-03-24 07:45:08] Running 4 tasks in night mode (4x)
[2026-03-24 07:45:08] [H1-LEARN] Today: itertools | Example: from itertools import groupby, accumulate
[2026-03-24 07:45:08] [OK] Learn: itertools
[2026-03-24 07:45:08] [H2-REFACTOR] daily_skills_summary.py already well-structured (skipped)
[2026-03-24 07:45:08] [OK] Refactor: daily_skills_summary (no changes needed)
[2026-03-24 07:45:14] [H3-BENCH] │ 提升倍数 │ 19.4x │
[2026-03-24 07:45:14] [OK] Benchmark: │ 提升倍数 │ 19.4x │
[2026-03-24 07:45:14] [OK] Test: test_skillhub.py already exists
[2026-03-24 07:45:14] === Harvey 进化完成 [mode=night] ===

[2026-03-24 08:01:49] === Harvey 进化引擎 [2026-03-24 08:01] mode=day ===
[2026-03-24 08:01:49] [H2-REFACTOR] daily_skills_summary.py already well-structured (skipped)
[2026-03-24 08:01:49] [OK] Refactor: daily_skills_summary (no changes needed)
[2026-03-24 08:01:49] === Harvey 进化完成 [mode=day] ===

[2026-03-24 09:01:51] === Harvey 进化引擎 [2026-03-24 09:01] mode=day ===
[2026-03-24 09:01:57] [H3-BENCH] │ 提升倍数 │ 19.0x │
[2026-03-24 09:01:57] [OK] Benchmark: │ 提升倍数 │ 19.0x │
[2026-03-24 09:01:57] [PROGRESS-ERROR] Failed to save progress: name 'os' is not defined
[2026-03-24 09:02:07] === Harvey 进化引擎 [2026-03-24 09:02] mode=day ===
[2026-03-24 09:02:12] [H3-BENCH] │ 提升倍数 │ 19.3x │
[2026-03-24 09:02:12] [OK] Benchmark: │ 提升倍数 │ 19.3x │
[2026-03-24 09:02:12] === Harvey 进化完成 [mode=day] ===

